{
  "stats": {
    "suites": 1,
    "tests": 1,
    "passes": 1,
    "pending": 0,
    "failures": 0,
    "start": "2024-10-02T07:54:30.779Z",
    "end": "2024-10-02T07:54:38.066Z",
    "duration": 7287,
    "testsRegistered": 1,
    "passPercent": 100,
    "pendingPercent": 0,
    "other": 0,
    "hasOther": false,
    "skipped": 0,
    "hasSkipped": false
  },
  "results": [
    {
      "uuid": "88025c1a-b1bb-436e-a04b-728e772d0871",
      "title": "",
      "fullFile": "cypress\\e2e\\test\\testCase1.cy.js",
      "file": "cypress\\e2e\\test\\testCase1.cy.js",
      "beforeHooks": [],
      "afterHooks": [],
      "tests": [],
      "suites": [
        {
          "uuid": "d26fd209-6b32-4964-93b3-2d8f8ac3604f",
          "title": "Test Case 1",
          "fullFile": "",
          "file": "",
          "beforeHooks": [],
          "afterHooks": [],
          "tests": [
            {
              "title": "1st Test Case",
              "fullTitle": "Test Case 1 1st Test Case",
              "timedOut": null,
              "duration": 4798,
              "state": "passed",
              "speed": "fast",
              "pass": true,
              "fail": false,
              "pending": false,
              "context": null,
              "code": "cy.visit('https://react-redux.realworld.io/#/?_k=hk6m59');\n_landingPage.default.clickSigninButton().enterEmail(this.data.email).enterPassword(this.data.password).clickSigninButton().checkYourFeedIsVisible().clickSettingsButton().clickLogoutButton();",
              "err": {},
              "uuid": "4d40bd25-419b-4442-a605-3783b72f61ad",
              "parentUUID": "d26fd209-6b32-4964-93b3-2d8f8ac3604f",
              "isHook": false,
              "skipped": false
            }
          ],
          "suites": [],
          "passes": [
            "4d40bd25-419b-4442-a605-3783b72f61ad"
          ],
          "failures": [],
          "pending": [],
          "skipped": [],
          "duration": 4798,
          "root": false,
          "rootEmpty": false,
          "_timeout": 2000
        }
      ],
      "passes": [],
      "failures": [],
      "pending": [],
      "skipped": [],
      "duration": 0,
      "root": true,
      "rootEmpty": true,
      "_timeout": 2000
    }
  ],
  "meta": {
    "mocha": {
      "version": "7.0.1"
    },
    "mochawesome": {
      "options": {
        "quiet": true,
        "reportFilename": "mochawesome",
        "saveHtml": false,
        "saveJson": true,
        "consoleReporter": "spec",
        "useInlineDiffs": false,
        "code": true
      },
      "version": "7.1.3"
    },
    "marge": {
      "options": {
        "id": "default",
        "reportDir": "cypress/reports/mocha",
        "quiet": true,
        "overwrite": false,
        "html": false,
        "json": true
      },
      "version": "6.2.0"
    }
  }
}