{
  "stats": {
    "suites": 1,
    "tests": 1,
    "passes": 0,
    "pending": 0,
    "failures": 1,
    "start": "2024-10-02T07:54:39.516Z",
    "end": "2024-10-02T07:54:46.970Z",
    "duration": 7454,
    "testsRegistered": 1,
    "passPercent": 0,
    "pendingPercent": 0,
    "other": 0,
    "hasOther": false,
    "skipped": 0,
    "hasSkipped": false
  },
  "results": [
    {
      "uuid": "1f91fe65-f2ae-4ee0-8956-0800dcc80f17",
      "title": "",
      "fullFile": "cypress\\e2e\\test\\testCase2.cy.js",
      "file": "cypress\\e2e\\test\\testCase2.cy.js",
      "beforeHooks": [],
      "afterHooks": [],
      "tests": [],
      "suites": [
        {
          "uuid": "1a353c7b-3270-43e5-bd31-00b2e8067487",
          "title": "Test Case 1",
          "fullFile": "",
          "file": "",
          "beforeHooks": [],
          "afterHooks": [],
          "tests": [
            {
              "title": "1st Test Case",
              "fullTitle": "Test Case 1 1st Test Case",
              "timedOut": null,
              "duration": 5951,
              "state": "failed",
              "speed": null,
              "pass": false,
              "fail": true,
              "pending": false,
              "context": "\"assets/testCase2.cy.js/Test Case 1 -- 1st Test Case (failed).png\"",
              "code": "cy.visit('https://react-redux.realworld.io/#/?_k=hk6m59');\n_landingPage.default.clickSigninButton().enterEmail(this.data.email).enterPassword(this.data.passwordWrong).clickSigninButton().checkYourFeedIsVisible().clickSettingsButton().clickLogoutButton();",
              "err": {
                "message": "AssertionError: Timed out retrying after 4000ms: Expected to find content: 'Your Feed' but never did.",
                "estack": "AssertionError: Timed out retrying after 4000ms: Expected to find content: 'Your Feed' but never did.\n    at HomePage.isElementVisible (webpack://framework_1/./cypress/e2e/pages/basePage.js:48:34)\n    at HomePage.checkYourFeedIsVisible (webpack://framework_1/./cypress/e2e/pages/homePage.js:28:9)\n    at Context.eval (webpack://framework_1/./cypress/e2e/test/testCase2.cy.js:25:7)",
                "diff": null
              },
              "uuid": "9382a01d-356a-41f6-81fe-6760750bfe8c",
              "parentUUID": "1a353c7b-3270-43e5-bd31-00b2e8067487",
              "isHook": false,
              "skipped": false
            }
          ],
          "suites": [],
          "passes": [],
          "failures": [
            "9382a01d-356a-41f6-81fe-6760750bfe8c"
          ],
          "pending": [],
          "skipped": [],
          "duration": 5951,
          "root": false,
          "rootEmpty": false,
          "_timeout": 2000
        }
      ],
      "passes": [],
      "failures": [],
      "pending": [],
      "skipped": [],
      "duration": 0,
      "root": true,
      "rootEmpty": true,
      "_timeout": 2000
    }
  ],
  "meta": {
    "mocha": {
      "version": "7.0.1"
    },
    "mochawesome": {
      "options": {
        "quiet": true,
        "reportFilename": "mochawesome",
        "saveHtml": false,
        "saveJson": true,
        "consoleReporter": "spec",
        "useInlineDiffs": false,
        "code": true
      },
      "version": "7.1.3"
    },
    "marge": {
      "options": {
        "id": "default",
        "reportDir": "cypress/reports/mocha",
        "quiet": true,
        "overwrite": false,
        "html": false,
        "json": true
      },
      "version": "6.2.0"
    }
  }
}